<?xml version="1.0" encoding="UTF-8"?>
<testng-results ignored="0" total="1" passed="1" failed="0" skipped="0">
  <reporter-output>
  </reporter-output>
  <suite started-at="2026-04-12T18:24:13 BST" name="Surefire suite" finished-at="2026-04-12T18:24:21 BST" duration-ms="7323">
    <groups>
    </groups>
    <test started-at="2026-04-12T18:24:13 BST" name="Surefire test" finished-at="2026-04-12T18:24:21 BST" duration-ms="7323">
      <class name="FirstTest">
        <test-method signature="setup()[pri:0, instance:FirstTest@623a8092]" started-at="2026-04-12T18:24:13 BST" name="setup" finished-at="2026-04-12T18:24:21 BST" duration-ms="7151" status="PASS">
          <reporter-output>
          </reporter-output>
        </test-method> <!-- setup -->
      </class> <!-- FirstTest -->
    </test> <!-- Surefire test -->
  </suite> <!-- Surefire suite -->
</testng-results>
